[debug] [2017-09-16T00:39:06.855Z] ----------------------------------------------------------------------
[debug] [2017-09-16T00:39:06.857Z] Command:       C:\Program Files\nodejs\node.exe C:\Users\Anjani Reddy\AppData\Roaming\npm\node_modules\firebase-tools\bin\firebase init
[debug] [2017-09-16T00:39:06.858Z] CLI Version:   3.10.1
[debug] [2017-09-16T00:39:06.858Z] Platform:      win32
[debug] [2017-09-16T00:39:06.858Z] Node Version:  v8.4.0
[debug] [2017-09-16T00:39:06.859Z] Time:          Fri Sep 15 2017 20:39:06 GMT-0400 (Eastern Daylight Time)
[debug] [2017-09-16T00:39:06.859Z] ----------------------------------------------------------------------
[debug] 
[debug] [2017-09-16T00:39:06.871Z] > command requires scopes: ["email","openid","https://www.googleapis.com/auth/cloudplatformprojects.readonly","https://www.googleapis.com/auth/firebase"]
[debug] [2017-09-16T00:39:06.872Z] > authorizing via signed-in user
[info] 
     ######## #### ########  ######## ########     ###     ######  ########
     ##        ##  ##     ## ##       ##     ##  ##   ##  ##       ##
     ######    ##  ########  ######   ########  #########  ######  ######
     ##        ##  ##    ##  ##       ##     ## ##     ##       ## ##
     ##       #### ##     ## ######## ########  ##     ##  ######  ########

You're about to initialize a Firebase project in this directory:

  C:\Users\Anjani Reddy\Documents\GitHub\testapp

Before we get started, keep in mind:

  * You are initializing in an existing Firebase project directory

